[33mConnectivity check to the model hoster has been skipped because `PADDLE_PDX_DISABLE_MODEL_SOURCE_CHECK` is enabled.[0m
Traceback (most recent call last):
  File "/home/chengdudu/resume_parser/web_app.py", line 29, in <module>
    from parser.auto_detect import AutoDetectParser
  File "/home/chengdudu/resume_parser/parser/__init__.py", line 7, in <module>
    from parser.pdf_parser import PDFParser
  File "/home/chengdudu/resume_parser/parser/pdf_parser.py", line 7, in <module>
    import fitz
ModuleNotFoundError: No module named 'fitz'
[33mConnectivity check to the model hoster has been skipped because `PADDLE_PDX_DISABLE_MODEL_SOURCE_CHECK` is enabled.[0m
Traceback (most recent call last):
  File "/home/chengdudu/resume_parser/web_app.py", line 29, in <module>
    from parser.auto_detect import AutoDetectParser
  File "/home/chengdudu/resume_parser/parser/__init__.py", line 7, in <module>
    from parser.pdf_parser import PDFParser
  File "/home/chengdudu/resume_parser/parser/pdf_parser.py", line 7, in <module>
    import fitz
ModuleNotFoundError: No module named 'fitz'
[33mConnectivity check to the model hoster has been skipped because `PADDLE_PDX_DISABLE_MODEL_SOURCE_CHECK` is enabled.[0m
Traceback (most recent call last):
  File "/home/chengdudu/resume_parser/web_app.py", line 29, in <module>
    from parser.auto_detect import AutoDetectParser
  File "/home/chengdudu/resume_parser/parser/__init__.py", line 7, in <module>
    from parser.pdf_parser import PDFParser
  File "/home/chengdudu/resume_parser/parser/pdf_parser.py", line 7, in <module>
    import fitz
ModuleNotFoundError: No module named 'fitz'
[33mConnectivity check to the model hoster has been skipped because `PADDLE_PDX_DISABLE_MODEL_SOURCE_CHECK` is enabled.[0m
Traceback (most recent call last):
  File "/home/chengdudu/resume_parser/web_app.py", line 29, in <module>
    from parser.auto_detect import AutoDetectParser
  File "/home/chengdudu/resume_parser/parser/__init__.py", line 7, in <module>
    from parser.pdf_parser import PDFParser
  File "/home/chengdudu/resume_parser/parser/pdf_parser.py", line 7, in <module>
    import fitz
ModuleNotFoundError: No module named 'fitz'
[33mConnectivity check to the model hoster has been skipped because `PADDLE_PDX_DISABLE_MODEL_SOURCE_CHECK` is enabled.[0m
Traceback (most recent call last):
  File "/home/chengdudu/resume_parser/web_app.py", line 29, in <module>
    from parser.auto_detect import AutoDetectParser
  File "/home/chengdudu/resume_parser/parser/__init__.py", line 7, in <module>
    from parser.pdf_parser import PDFParser
  File "/home/chengdudu/resume_parser/parser/pdf_parser.py", line 7, in <module>
    import fitz
ModuleNotFoundError: No module named 'fitz'
[33mConnectivity check to the model hoster has been skipped because `PADDLE_PDX_DISABLE_MODEL_SOURCE_CHECK` is enabled.[0m
[33mConnectivity check to the model hoster has been skipped because `PADDLE_PDX_DISABLE_MODEL_SOURCE_CHECK` is enabled.[0m
[33mConnectivity check to the model hoster has been skipped because `PADDLE_PDX_DISABLE_MODEL_SOURCE_CHECK` is enabled.[0m
[33mConnectivity check to the model hoster has been skipped because `PADDLE_PDX_DISABLE_MODEL_SOURCE_CHECK` is enabled.[0m
[33mConnectivity check to the model hoster has been skipped because `PADDLE_PDX_DISABLE_MODEL_SOURCE_CHECK` is enabled.[0m
[33mConnectivity check to the model hoster has been skipped because `PADDLE_PDX_DISABLE_MODEL_SOURCE_CHECK` is enabled.[0m
[33mConnectivity check to the model hoster has been skipped because `PADDLE_PDX_DISABLE_MODEL_SOURCE_CHECK` is enabled.[0m
[33mConnectivity check to the model hoster has been skipped because `PADDLE_PDX_DISABLE_MODEL_SOURCE_CHECK` is enabled.[0m
[33mConnectivity check to the model hoster has been skipped because `PADDLE_PDX_DISABLE_MODEL_SOURCE_CHECK` is enabled.[0m
[33mConnectivity check to the model hoster has been skipped because `PADDLE_PDX_DISABLE_MODEL_SOURCE_CHECK` is enabled.[0m
[33mConnectivity check to the model hoster has been skipped because `PADDLE_PDX_DISABLE_MODEL_SOURCE_CHECK` is enabled.[0m
[33mConnectivity check to the model hoster has been skipped because `PADDLE_PDX_DISABLE_MODEL_SOURCE_CHECK` is enabled.[0m
[33mConnectivity check to the model hoster has been skipped because `PADDLE_PDX_DISABLE_MODEL_SOURCE_CHECK` is enabled.[0m
[33mConnectivity check to the model hoster has been skipped because `PADDLE_PDX_DISABLE_MODEL_SOURCE_CHECK` is enabled.[0m
[33mConnectivity check to the model hoster has been skipped because `PADDLE_PDX_DISABLE_MODEL_SOURCE_CHECK` is enabled.[0m
[33mConnectivity check to the model hoster has been skipped because `PADDLE_PDX_DISABLE_MODEL_SOURCE_CHECK` is enabled.[0m
[33mConnectivity check to the model hoster has been skipped because `PADDLE_PDX_DISABLE_MODEL_SOURCE_CHECK` is enabled.[0m
[33mConnectivity check to the model hoster has been skipped because `PADDLE_PDX_DISABLE_MODEL_SOURCE_CHECK` is enabled.[0m
[33mConnectivity check to the model hoster has been skipped because `PADDLE_PDX_DISABLE_MODEL_SOURCE_CHECK` is enabled.[0m
[33mConnectivity check to the model hoster has been skipped because `PADDLE_PDX_DISABLE_MODEL_SOURCE_CHECK` is enabled.[0m
[33mConnectivity check to the model hoster has been skipped because `PADDLE_PDX_DISABLE_MODEL_SOURCE_CHECK` is enabled.[0m
[33mConnectivity check to the model hoster has been skipped because `PADDLE_PDX_DISABLE_MODEL_SOURCE_CHECK` is enabled.[0m
[33mConnectivity check to the model hoster has been skipped because `PADDLE_PDX_DISABLE_MODEL_SOURCE_CHECK` is enabled.[0m
[33mConnectivity check to the model hoster has been skipped because `PADDLE_PDX_DISABLE_MODEL_SOURCE_CHECK` is enabled.[0m
[33mConnectivity check to the model hoster has been skipped because `PADDLE_PDX_DISABLE_MODEL_SOURCE_CHECK` is enabled.[0m
[33mConnectivity check to the model hoster has been skipped because `PADDLE_PDX_DISABLE_MODEL_SOURCE_CHECK` is enabled.[0m
[33mConnectivity check to the model hoster has been skipped because `PADDLE_PDX_DISABLE_MODEL_SOURCE_CHECK` is enabled.[0m
INFO:     Started server process [162740]
INFO:     Waiting for application startup.
INFO:     Application startup complete.
ERROR:    [Errno 98] error while attempting to bind on address ('0.0.0.0', 8000): address already in use
INFO:     Waiting for application shutdown.
INFO:     Application shutdown complete.
[33mConnectivity check to the model hoster has been skipped because `PADDLE_PDX_DISABLE_MODEL_SOURCE_CHECK` is enabled.[0m
INFO:     Started server process [162770]
INFO:     Waiting for application startup.
INFO:     Application startup complete.
INFO:     Uvicorn running on http://0.0.0.0:8000 (Press CTRL+C to quit)
INFO:     Shutting down
INFO:     Waiting for application shutdown.
INFO:     Application shutdown complete.
INFO:     Finished server process [162770]
